<?xml version="1.0" encoding="UTF-8"?>
<!-- Generated by org.testng.reporters.JUnitReportReporter -->
<testsuite hostname="DESKTOP-0A1OMMV" failures="0" tests="1" name="com.ShoppersStack_Sagar.TC_001_Verify_user_is_able_to_add_address_or_not" time="20.839" errors="0" timestamp="2025-03-29T09:11:46 IST" skipped="0">
  <testcase classname="com.ShoppersStack_Sagar.TC_001_Verify_user_is_able_to_add_address_or_not" name="addAddress" time="20.839"/>
</testsuite> <!-- com.ShoppersStack_Sagar.TC_001_Verify_user_is_able_to_add_address_or_not -->
