<?xml version="1.0" encoding="UTF-8"?>
<!-- Generated by org.testng.reporters.JUnitReportReporter -->
<testsuite hostname="DESKTOP-0A1OMMV" failures="0" tests="1" name="com.ShoppersStack_Sagar.TC_002_Verify_user_is_able_to_delete_address_or_not" time="64.891" errors="0" timestamp="2025-03-29T09:07:14 IST" skipped="0">
  <testcase classname="com.ShoppersStack_Sagar.TC_002_Verify_user_is_able_to_delete_address_or_not" name="deleteAddress" time="64.891"/>
</testsuite> <!-- com.ShoppersStack_Sagar.TC_002_Verify_user_is_able_to_delete_address_or_not -->
